<?xml version="1.0" encoding="UTF-8"?>
<!-- Generated by org.testng.reporters.JUnitReportReporter -->
<testsuite skipped="0" hostname="Bilalisha" name="capturescreen.Capturess" tests="1" failures="0" timestamp="18 Aug 2018 09:47:16 GMT" time="28.364" errors="0">
  <testcase name="Capture" time="28.364" classname="capturescreen.Capturess"/>
</testsuite> <!-- capturescreen.Capturess -->
